[2021-01-12 09:50:48] app.INFO: Protect vendor folder in module contactform [] []
[2021-01-12 09:50:48] app.INFO: Module contactform has no vendor folder [] []
[2021-01-12 09:50:49] app.INFO: Protect vendor folder in module dashactivity [] []
[2021-01-12 09:50:49] app.INFO: Module dashactivity has no vendor folder [] []
[2021-01-12 09:50:49] app.INFO: Protect vendor folder in module dashgoals [] []
[2021-01-12 09:50:49] app.INFO: Module dashgoals has no vendor folder [] []
[2021-01-12 09:50:49] app.INFO: Protect vendor folder in module dashproducts [] []
[2021-01-12 09:50:49] app.INFO: Module dashproducts has no vendor folder [] []
[2021-01-12 09:50:49] app.INFO: Protect vendor folder in module dashtrends [] []
[2021-01-12 09:50:49] app.INFO: Module dashtrends has no vendor folder [] []
[2021-01-12 09:50:49] app.INFO: Protect vendor folder in module graphnvd3 [] []
[2021-01-12 09:50:49] app.INFO: Module graphnvd3 has no vendor folder [] []
[2021-01-12 09:50:49] app.INFO: Protect vendor folder in module gridhtml [] []
[2021-01-12 09:50:49] app.INFO: Module gridhtml has no vendor folder [] []
[2021-01-12 09:50:50] app.INFO: Protect vendor folder in module gsitemap [] []
[2021-01-12 09:50:50] app.INFO: Module gsitemap has no vendor folder [] []
[2021-01-12 09:50:50] app.INFO: Protect vendor folder in module pagesnotfound [] []
[2021-01-12 09:50:50] app.INFO: Module pagesnotfound has no vendor folder [] []
[2021-01-12 09:50:50] app.INFO: Protect vendor folder in module productcomments [] []
[2021-01-12 09:50:50] app.INFO: Module productcomments has no vendor folder [] []
[2021-01-12 09:50:51] app.INFO: Protect vendor folder in module ps_banner [] []
[2021-01-12 09:50:51] app.INFO: Module ps_banner has no vendor folder [] []
[2021-01-12 09:50:51] app.INFO: Protect vendor folder in module ps_categorytree [] []
[2021-01-12 09:50:51] app.INFO: Module ps_categorytree has no vendor folder [] []
[2021-01-12 09:50:51] app.INFO: Protect vendor folder in module ps_checkpayment [] []
[2021-01-12 09:50:51] app.INFO: Module ps_checkpayment has no vendor folder [] []
[2021-01-12 09:50:51] app.INFO: Protect vendor folder in module ps_contactinfo [] []
[2021-01-12 09:50:51] app.INFO: Module ps_contactinfo has no vendor folder [] []
[2021-01-12 09:50:51] app.INFO: Protect vendor folder in module ps_crossselling [] []
[2021-01-12 09:50:51] app.INFO: Module ps_crossselling has no vendor folder [] []
[2021-01-12 09:50:51] app.INFO: Protect vendor folder in module ps_currencyselector [] []
[2021-01-12 09:50:51] app.INFO: Module ps_currencyselector has no vendor folder [] []
[2021-01-12 09:50:51] app.INFO: Protect vendor folder in module ps_customeraccountlinks [] []
[2021-01-12 09:50:51] app.INFO: Module ps_customeraccountlinks has no vendor folder [] []
[2021-01-12 09:50:51] app.INFO: Protect vendor folder in module ps_customersignin [] []
[2021-01-12 09:50:51] app.INFO: Module ps_customersignin has no vendor folder [] []
[2021-01-12 09:50:51] app.INFO: Protect vendor folder in module ps_customtext [] []
[2021-01-12 09:50:51] app.INFO: Module ps_customtext has no vendor folder [] []
[2021-01-12 09:50:51] app.INFO: Protect vendor folder in module ps_dataprivacy [] []
[2021-01-12 09:50:51] app.INFO: Module ps_dataprivacy has no vendor folder [] []
[2021-01-12 09:50:52] app.INFO: Protect vendor folder in module ps_emailsubscription [] []
[2021-01-12 09:50:52] app.INFO: Module ps_emailsubscription has no vendor folder [] []
[2021-01-12 09:50:52] app.INFO: Protect vendor folder in module ps_facetedsearch [] []
[2021-01-12 09:50:52] app.INFO: Module ps_facetedsearch has no vendor folder [] []
[2021-01-12 09:50:52] app.INFO: Protect vendor folder in module ps_faviconnotificationbo [] []
[2021-01-12 09:50:52] app.INFO: Module ps_faviconnotificationbo has no vendor folder [] []
[2021-01-12 09:50:53] app.INFO: Protect vendor folder in module ps_featuredproducts [] []
[2021-01-12 09:50:53] app.INFO: Module ps_featuredproducts has no vendor folder [] []
[2021-01-12 09:50:53] app.INFO: Protect vendor folder in module ps_imageslider [] []
[2021-01-12 09:50:53] app.INFO: Module ps_imageslider has no vendor folder [] []
[2021-01-12 09:50:53] app.INFO: Protect vendor folder in module ps_languageselector [] []
[2021-01-12 09:50:53] app.INFO: Module ps_languageselector has no vendor folder [] []
[2021-01-12 09:50:53] app.INFO: Protect vendor folder in module ps_linklist [] []
[2021-01-12 09:50:53] app.INFO: Module ps_linklist has no vendor folder [] []
[2021-01-12 09:50:53] app.ERROR: Cannot register tab "AdminLinkWidget" because it already exists [] []
[2021-01-12 09:50:54] app.INFO: Protect vendor folder in module ps_mainmenu [] []
[2021-01-12 09:50:54] app.INFO: Module ps_mainmenu has no vendor folder [] []
[2021-01-12 09:50:54] app.INFO: Protect vendor folder in module ps_searchbar [] []
[2021-01-12 09:50:54] app.INFO: Module ps_searchbar has no vendor folder [] []
[2021-01-12 09:50:54] app.INFO: Protect vendor folder in module ps_sharebuttons [] []
[2021-01-12 09:50:54] app.INFO: Module ps_sharebuttons has no vendor folder [] []
[2021-01-12 09:50:54] app.INFO: Protect vendor folder in module ps_shoppingcart [] []
[2021-01-12 09:50:54] app.INFO: Module ps_shoppingcart has no vendor folder [] []
[2021-01-12 09:50:54] app.INFO: Protect vendor folder in module ps_socialfollow [] []
[2021-01-12 09:50:54] app.INFO: Module ps_socialfollow has no vendor folder [] []
[2021-01-12 09:50:55] app.INFO: Protect vendor folder in module ps_themecusto [] []
[2021-01-12 09:50:55] app.INFO: Module ps_themecusto has no vendor folder [] []
[2021-01-12 09:50:55] app.INFO: Protect vendor folder in module ps_wirepayment [] []
[2021-01-12 09:50:55] app.INFO: Module ps_wirepayment has no vendor folder [] []
[2021-01-12 09:50:55] app.INFO: Protect vendor folder in module sekeywords [] []
[2021-01-12 09:50:55] app.INFO: Module sekeywords has no vendor folder [] []
[2021-01-12 09:50:55] app.INFO: Protect vendor folder in module statsbestcategories [] []
[2021-01-12 09:50:55] app.INFO: Module statsbestcategories has no vendor folder [] []
[2021-01-12 09:50:55] app.INFO: Protect vendor folder in module statsbestcustomers [] []
[2021-01-12 09:50:55] app.INFO: Module statsbestcustomers has no vendor folder [] []
[2021-01-12 09:50:55] app.INFO: Protect vendor folder in module statsbestproducts [] []
[2021-01-12 09:50:55] app.INFO: Module statsbestproducts has no vendor folder [] []
[2021-01-12 09:50:55] app.INFO: Protect vendor folder in module statsbestsuppliers [] []
[2021-01-12 09:50:55] app.INFO: Module statsbestsuppliers has no vendor folder [] []
[2021-01-12 09:50:55] app.INFO: Protect vendor folder in module statsbestvouchers [] []
[2021-01-12 09:50:55] app.INFO: Module statsbestvouchers has no vendor folder [] []
[2021-01-12 09:50:55] app.INFO: Protect vendor folder in module statscarrier [] []
[2021-01-12 09:50:55] app.INFO: Module statscarrier has no vendor folder [] []
[2021-01-12 09:50:56] app.INFO: Protect vendor folder in module statscatalog [] []
[2021-01-12 09:50:56] app.INFO: Module statscatalog has no vendor folder [] []
[2021-01-12 09:50:56] app.INFO: Protect vendor folder in module statscheckup [] []
[2021-01-12 09:50:56] app.INFO: Module statscheckup has no vendor folder [] []
[2021-01-12 09:50:56] app.INFO: Protect vendor folder in module statsdata [] []
[2021-01-12 09:50:56] app.INFO: Module statsdata has no vendor folder [] []
[2021-01-12 09:50:56] app.INFO: Protect vendor folder in module statsequipment [] []
[2021-01-12 09:50:56] app.INFO: Module statsequipment has no vendor folder [] []
[2021-01-12 09:50:56] app.INFO: Protect vendor folder in module statsforecast [] []
[2021-01-12 09:50:56] app.INFO: Module statsforecast has no vendor folder [] []
[2021-01-12 09:50:56] app.INFO: Protect vendor folder in module statslive [] []
[2021-01-12 09:50:56] app.INFO: Module statslive has no vendor folder [] []
[2021-01-12 09:50:56] app.INFO: Protect vendor folder in module statsnewsletter [] []
[2021-01-12 09:50:56] app.INFO: Module statsnewsletter has no vendor folder [] []
[2021-01-12 09:50:56] app.INFO: Protect vendor folder in module statsorigin [] []
[2021-01-12 09:50:56] app.INFO: Module statsorigin has no vendor folder [] []
[2021-01-12 09:50:56] app.INFO: Protect vendor folder in module statspersonalinfos [] []
[2021-01-12 09:50:56] app.INFO: Module statspersonalinfos has no vendor folder [] []
[2021-01-12 09:50:57] app.INFO: Protect vendor folder in module statsproduct [] []
[2021-01-12 09:50:57] app.INFO: Module statsproduct has no vendor folder [] []
[2021-01-12 09:50:57] app.INFO: Protect vendor folder in module statsregistrations [] []
[2021-01-12 09:50:57] app.INFO: Module statsregistrations has no vendor folder [] []
[2021-01-12 09:50:57] app.INFO: Protect vendor folder in module statssales [] []
[2021-01-12 09:50:57] app.INFO: Module statssales has no vendor folder [] []
[2021-01-12 09:50:57] app.INFO: Protect vendor folder in module statssearch [] []
[2021-01-12 09:50:57] app.INFO: Module statssearch has no vendor folder [] []
[2021-01-12 09:50:57] app.INFO: Protect vendor folder in module statsstock [] []
[2021-01-12 09:50:57] app.INFO: Module statsstock has no vendor folder [] []
[2021-01-12 09:50:57] app.INFO: Protect vendor folder in module statsvisits [] []
[2021-01-12 09:50:57] app.INFO: Module statsvisits has no vendor folder [] []
[2021-01-12 09:50:57] app.INFO: Protect vendor folder in module welcome [] []
[2021-01-12 09:50:57] app.INFO: Module welcome has no vendor folder [] []
[2021-01-12 09:51:01] app.INFO: Exporting mail with theme modern for language English (English) [] []
[2021-01-12 09:51:01] app.INFO: Core output folder: C:\xampp\htdocs\presta-duka/mails [] []
[2021-01-12 09:51:01] app.INFO: Modules output folder: C:\xampp\htdocs\presta-duka/modules/ [] []
[2021-01-12 09:51:53] app.ERROR: Data from PrestaShop Addons is invalid, and cannot fallback on cache.  {"exception":"cURL error 6: Could not resolve host: api-addons.prestashop.com"} []
[2021-01-12 09:51:54] app.INFO: Protect vendor folder in module blockreassurance [] []
[2021-01-12 09:51:54] app.INFO: Module blockreassurance has no vendor folder [] []
[2021-01-12 09:53:15] app.ERROR: Data from PrestaShop Addons is invalid, and cannot fallback on cache.  {"exception":"cURL error 6: Could not resolve host: api-addons.prestashop.com"} []
[2021-01-12 09:53:18] app.INFO: Protect vendor folder in module ps_facetedsearch [] []
[2021-01-12 09:53:18] app.INFO: Module ps_facetedsearch has no vendor folder [] []
[2021-01-12 19:49:47] request.INFO: Matched route "admin_module_manage_action". {"route":"admin_module_manage_action","route_parameters":{"_controller":"PrestaShopBundle\\Controller\\Admin\\Improve\\ModuleController::moduleAction","action":"install","module_name":"paypal","_route":"admin_module_manage_action"},"request_uri":"http://localhost/presta-duka/admin493r797ds/index.php/improve/modules/manage/action/install/paypal?_token=TUKC3GkD8NrQLVbY1nDTGNEdnlR5XYXhZ2ndLSJfEqQ","method":"POST"} []
[2021-01-12 19:49:47] security.DEBUG: Read existing security token from the session. {"key":"_security_main","token_class":"Symfony\\Component\\Security\\Core\\Authentication\\Token\\UsernamePasswordToken"} []
[2021-01-12 19:49:47] security.DEBUG: User was reloaded from a user provider. {"provider":"PrestaShopBundle\\Security\\Admin\\EmployeeProvider","username":"waruidavid57@gmail.com"} []
[2021-01-12 19:49:52] app.ERROR: Exception thrown by module paypal on install. Error sent by Addons. You may need to be logged. [] []
[2021-01-12 19:49:52] security.DEBUG: Stored the security token in the session. {"key":"_security_main"} []
[2021-01-12 19:50:07] request.INFO: Matched route "admin_module_manage_action". {"route":"admin_module_manage_action","route_parameters":{"_controller":"PrestaShopBundle\\Controller\\Admin\\Improve\\ModuleController::moduleAction","action":"install","module_name":"paypal","_route":"admin_module_manage_action"},"request_uri":"http://localhost/presta-duka/admin493r797ds/index.php/improve/modules/manage/action/install/paypal?_token=TUKC3GkD8NrQLVbY1nDTGNEdnlR5XYXhZ2ndLSJfEqQ","method":"POST"} []
[2021-01-12 19:50:07] security.DEBUG: Read existing security token from the session. {"key":"_security_main","token_class":"Symfony\\Component\\Security\\Core\\Authentication\\Token\\UsernamePasswordToken"} []
[2021-01-12 19:50:07] security.DEBUG: User was reloaded from a user provider. {"provider":"PrestaShopBundle\\Security\\Admin\\EmployeeProvider","username":"waruidavid57@gmail.com"} []
[2021-01-12 19:50:12] app.ERROR: Exception thrown by module paypal on install. Error sent by Addons. You may need to be logged. [] []
[2021-01-12 19:50:12] security.DEBUG: Stored the security token in the session. {"key":"_security_main"} []
[2021-01-12 19:50:17] request.INFO: Matched route "admin_module_manage_action". {"route":"admin_module_manage_action","route_parameters":{"_controller":"PrestaShopBundle\\Controller\\Admin\\Improve\\ModuleController::moduleAction","action":"install","module_name":"paypal","_route":"admin_module_manage_action"},"request_uri":"http://localhost/presta-duka/admin493r797ds/index.php/improve/modules/manage/action/install/paypal?_token=TUKC3GkD8NrQLVbY1nDTGNEdnlR5XYXhZ2ndLSJfEqQ","method":"POST"} []
[2021-01-12 19:50:17] security.DEBUG: Read existing security token from the session. {"key":"_security_main","token_class":"Symfony\\Component\\Security\\Core\\Authentication\\Token\\UsernamePasswordToken"} []
[2021-01-12 19:50:17] security.DEBUG: User was reloaded from a user provider. {"provider":"PrestaShopBundle\\Security\\Admin\\EmployeeProvider","username":"waruidavid57@gmail.com"} []
[2021-01-12 19:50:23] app.ERROR: Exception thrown by module paypal on install. Error sent by Addons. You may need to be logged. [] []
[2021-01-12 19:50:23] security.DEBUG: Stored the security token in the session. {"key":"_security_main"} []
[2021-01-12 19:50:40] request.INFO: Matched route "admin_module_catalog_refresh". {"route":"admin_module_catalog_refresh","route_parameters":{"category":null,"keyword":null,"_controller":"PrestaShopBundle\\Controller\\Admin\\Improve\\ModuleController::refreshCatalogAction","_legacy_controller":"AdminModulesCatalog","_legacy_link":"AdminModulesCatalog:refresh","_route":"admin_module_catalog_refresh"},"request_uri":"http://localhost/presta-duka/admin493r797ds/index.php/improve/modules/catalog/refresh?_token=TUKC3GkD8NrQLVbY1nDTGNEdnlR5XYXhZ2ndLSJfEqQ","method":"GET"} []
[2021-01-12 19:50:40] security.DEBUG: Read existing security token from the session. {"key":"_security_main","token_class":"Symfony\\Component\\Security\\Core\\Authentication\\Token\\UsernamePasswordToken"} []
[2021-01-12 19:50:40] security.DEBUG: User was reloaded from a user provider. {"provider":"PrestaShopBundle\\Security\\Admin\\EmployeeProvider","username":"waruidavid57@gmail.com"} []
[2021-01-12 19:50:45] app.ERROR: Data from PrestaShop Addons is invalid, and cannot fallback on cache.  {"exception":"cURL error 28: Operation timed out after 5000 milliseconds with 585139 bytes received"} []
[2021-01-12 19:50:45] security.DEBUG: Stored the security token in the session. {"key":"_security_main"} []
[2021-01-12 19:50:40] request.INFO: Matched route "admin_module_notification_count". {"route":"admin_module_notification_count","route_parameters":{"_controller":"PrestaShopBundle\\Controller\\Admin\\Improve\\Modules\\AlertsController::notificationsCountAction","_legacy_controller":"AdminModulesNotifications","_legacy_link":"AdminModulesNotifications:count","_route":"admin_module_notification_count"},"request_uri":"http://localhost/presta-duka/admin493r797ds/index.php/improve/modules/alerts/count?_token=TUKC3GkD8NrQLVbY1nDTGNEdnlR5XYXhZ2ndLSJfEqQ","method":"GET"} []
[2021-01-12 19:50:45] security.DEBUG: Read existing security token from the session. {"key":"_security_main","token_class":"Symfony\\Component\\Security\\Core\\Authentication\\Token\\UsernamePasswordToken"} []
[2021-01-12 19:50:45] security.DEBUG: User was reloaded from a user provider. {"provider":"PrestaShopBundle\\Security\\Admin\\EmployeeProvider","username":"waruidavid57@gmail.com"} []
[2021-01-12 19:50:52] app.ERROR: Data from PrestaShop Addons is invalid, and cannot fallback on cache.  {"exception":"Client error response [url] https://api-addons.prestashop.com?format=json&iso_lang=en&iso_code=KE&version=1.7.7.1&shop_url=http%3A%2F%2Flocalhost&method=listing&action=customer&username=waruidavid57%40gmail.com&password=Ambition4744 [status code] 400 [reason phrase] Bad Request"} []
[2021-01-12 19:50:52] security.DEBUG: Stored the security token in the session. {"key":"_security_main"} []
[2021-01-12 19:51:01] request.INFO: Matched route "admin_module_catalog_refresh". {"route":"admin_module_catalog_refresh","route_parameters":{"category":null,"keyword":null,"_controller":"PrestaShopBundle\\Controller\\Admin\\Improve\\ModuleController::refreshCatalogAction","_legacy_controller":"AdminModulesCatalog","_legacy_link":"AdminModulesCatalog:refresh","_route":"admin_module_catalog_refresh"},"request_uri":"http://localhost/presta-duka/admin493r797ds/index.php/improve/modules/catalog/refresh?_token=TUKC3GkD8NrQLVbY1nDTGNEdnlR5XYXhZ2ndLSJfEqQ","method":"GET"} []
[2021-01-12 19:51:01] security.DEBUG: Read existing security token from the session. {"key":"_security_main","token_class":"Symfony\\Component\\Security\\Core\\Authentication\\Token\\UsernamePasswordToken"} []
[2021-01-12 19:51:01] security.DEBUG: User was reloaded from a user provider. {"provider":"PrestaShopBundle\\Security\\Admin\\EmployeeProvider","username":"waruidavid57@gmail.com"} []
[2021-01-12 19:51:01] app.ERROR: Data from PrestaShop Addons is invalid, and cannot fallback on cache.  {"exception":"Client error response [url] https://api-addons.prestashop.com?format=json&iso_lang=en&iso_code=KE&version=1.7.7.1&shop_url=http%3A%2F%2Flocalhost&method=listing&action=customer&username=waruidavid57%40gmail.com&password=Ambition4744 [status code] 400 [reason phrase] Bad Request"} []
[2021-01-12 19:51:01] security.DEBUG: Stored the security token in the session. {"key":"_security_main"} []
[2021-01-12 19:51:01] request.INFO: Matched route "admin_module_notification_count". {"route":"admin_module_notification_count","route_parameters":{"_controller":"PrestaShopBundle\\Controller\\Admin\\Improve\\Modules\\AlertsController::notificationsCountAction","_legacy_controller":"AdminModulesNotifications","_legacy_link":"AdminModulesNotifications:count","_route":"admin_module_notification_count"},"request_uri":"http://localhost/presta-duka/admin493r797ds/index.php/improve/modules/alerts/count?_token=TUKC3GkD8NrQLVbY1nDTGNEdnlR5XYXhZ2ndLSJfEqQ","method":"GET"} []
[2021-01-12 19:51:01] security.DEBUG: Read existing security token from the session. {"key":"_security_main","token_class":"Symfony\\Component\\Security\\Core\\Authentication\\Token\\UsernamePasswordToken"} []
[2021-01-12 19:51:01] security.DEBUG: User was reloaded from a user provider. {"provider":"PrestaShopBundle\\Security\\Admin\\EmployeeProvider","username":"waruidavid57@gmail.com"} []
[2021-01-12 19:51:01] app.ERROR: Data from PrestaShop Addons is invalid, and cannot fallback on cache.  {"exception":"Client error response [url] https://api-addons.prestashop.com?format=json&iso_lang=en&iso_code=KE&version=1.7.7.1&shop_url=http%3A%2F%2Flocalhost&method=listing&action=customer&username=waruidavid57%40gmail.com&password=Ambition4744 [status code] 400 [reason phrase] Bad Request"} []
[2021-01-12 19:51:02] security.DEBUG: Stored the security token in the session. {"key":"_security_main"} []
